2021-06-10 15:17:52|522.1µs|404|POST|/:/auth/login|::1|67 B|9 B|{"email":"muhammadikhsan@gmail.com","password":"Ikhsan20"}|
2021-06-10 15:18:10|0s|404|POST|/:/auth/login|::1|67 B|9 B|{"email":"muhammadikhsan@gmail.com","password":"Ikhsan20"}|
2021-06-10 15:18:11|0s|404|POST|/:/auth/login|::1|67 B|9 B|{"email":"muhammadikhsan@gmail.com","password":"Ikhsan20"}|
2021-06-10 15:18:19|0s|404|POST|/:/auth/login|::1|67 B|9 B|{"email":"muhammadikhsan@gmail.com","password":"Ikhsan20"}|
2021-06-10 15:18:20|999.5µs|404|POST|/:/auth/login|::1|67 B|9 B|{"email":"muhammadikhsan@gmail.com","password":"Ikhsan20"}|
2021-06-10 15:18:21|0s|404|POST|/:/auth/login|::1|67 B|9 B|{"email":"muhammadikhsan@gmail.com","password":"Ikhsan20"}|
2021-06-10 15:18:21|0s|404|POST|/:/auth/login|::1|67 B|9 B|{"email":"muhammadikhsan@gmail.com","password":"Ikhsan20"}|
2021-06-10 15:18:22|0s|404|POST|/:/auth/login|::1|67 B|9 B|{"email":"muhammadikhsan@gmail.com","password":"Ikhsan20"}|
2021-06-10 15:19:35|406.7µs|404|POST|/:/auth/login|::1|67 B|9 B|{"email":"muhammadikhsan@gmail.com","password":"Ikhsan20"}|
2021-06-10 15:20:18|642.3µs|404|POST|/:/auth/login|::1|67 B|9 B|{"email":"muhammadikhsan@gmail.com","password":"Ikhsan20"}|
2021-06-10 15:20:42|16.4309ms|200|POST|/auth/login|::1|67 B|126 B|{"email":"muhammadikhsan@gmail.com","password":"Ikhsan20"}|
2021-06-10 15:21:17|1.2473ms|200|POST|/auth/login|::1|0 B|107 B|error(pg: no rows in result set)|
2021-06-10 15:22:07|2.3699ms|200|POST|/auth/login|::1|67 B|126 B|{"email":"muhammadikhsan@gmail.com","password":"Ikhsan20"}|
2021-06-10 15:22:08|2.1988ms|200|POST|/auth/login|::1|67 B|126 B|{"email":"muhammadikhsan@gmail.com","password":"Ikhsan20"}|
2021-06-10 15:22:13|1.9555ms|200|POST|/auth/login|::1|41 B|126 B|{"email":"muhammadikhsan@gmail.com"}|
2021-06-10 15:22:14|2.251ms|200|POST|/auth/login|::1|41 B|126 B|{"email":"muhammadikhsan@gmail.com"}|
2021-06-10 15:22:17|2.0936ms|200|POST|/auth/login|::1|41 B|126 B|{"email":"muhammadikhsan@gmail.com"}|
2021-06-10 15:22:59|82.1µs|200|POST|/auth/login|::1|67 B|74 B|{"email":"muhammadikhsan@gmail.com","password":"Ikhsan20"}|
2021-06-10 15:23:01|754.1µs|200|POST|/auth/login|::1|67 B|74 B|{"email":"muhammadikhsan@gmail.com","password":"Ikhsan20"}|
2021-06-10 15:23:39|994.6µs|200|POST|/auth/login|::1|67 B|106 B|{"email":"muhammadikhsan@gmail.com","password":"Ikhsan20"}|
2021-06-10 15:26:14|702.8µs|400|POST|/auth/login|::1|0 B|87 B|error(Key: 'User.Password' Error:Field validation for 'Password' failed on the 'required' tag)|
2021-06-10 15:26:35|0s|400|POST|/auth/login|::1|0 B|169 B|error(Key: 'User.Email' Error:Field validation for 'Email' failed on the 'required' tag
Key: 'User.Password' Error:Field validation for 'Password' failed on the 'required' tag)|
2021-06-10 15:27:25|363.5µs|400|POST|/auth/login|::1|3 B|487 B|{}|
2021-06-10 15:28:32|13.046ms|200|POST|/auth/login|::1|67 B|126 B|{"email":"muhammadikhsan@gmail.com","password":"Ikhsan20"}|
2021-06-10 15:28:45|2.0992ms|200|POST|/auth/login|::1|0 B|132 B|error(pg: no rows in result set)|
2021-06-10 15:30:41|3.778ms|200|POST|/auth/login|::1|67 B|126 B|{"email":"muhammadikhsan@gmail.com","password":"Ikhsan20"}|
2021-06-10 15:30:42|2.6639ms|200|POST|/auth/login|::1|67 B|126 B|{"email":"muhammadikhsan@gmail.com","password":"Ikhsan20"}|
2021-06-10 18:09:17|89.9341ms|200|POST|/auth/login|::1|67 B|318 B|{"email":"muhammadikhsan@gmail.com","password":"Ikhsan20"}|
2021-06-10 18:09:20|1.8467ms|200|POST|/auth/login|::1|67 B|318 B|{"email":"muhammadikhsan@gmail.com","password":"Ikhsan20"}|
2021-06-10 18:09:21|635.2µs|200|POST|/auth/login|::1|67 B|318 B|{"email":"muhammadikhsan@gmail.com","password":"Ikhsan20"}|
2021-06-10 18:11:05|6.2258ms|200|POST|/auth/login|::1|67 B|318 B|{"email":"muhammadikhsan@gmail.com","password":"Ikhsan20"}|
2021-06-10 18:11:06|2.0455ms|200|POST|/auth/login|::1|67 B|318 B|{"email":"muhammadikhsan@gmail.com","password":"Ikhsan20"}|
2021-06-10 18:11:29|3.6368ms|200|POST|/auth/login|::1|67 B|3 B|{"email":"muhammadikhsan@gmail.com","password":"Ikhsan20"}|
2021-06-10 18:12:45|2.4129ms|200|POST|/auth/login|::1|67 B|3 B|{"email":"muhammadikhsan@gmail.com","password":"Ikhsan20"}|
2021-06-10 18:12:46|3.7852ms|200|POST|/auth/login|::1|67 B|3 B|{"email":"muhammadikhsan@gmail.com","password":"Ikhsan20"}|
2021-06-10 18:12:58|5.0185ms|200|POST|/auth/login|::1|67 B|3 B|{"email":"muhammadikhsan@gmail.com","password":"Ikhsan20"}|
2021-06-10 18:12:58|2.4685ms|200|POST|/auth/login|::1|67 B|3 B|{"email":"muhammadikhsan@gmail.com","password":"Ikhsan20"}|
2021-06-10 18:13:01|1.7506ms|200|POST|/auth/login|::1|67 B|3 B|{"email":"muhammadikhsan@gmail.com","password":"Ikhsan20"}|
2021-06-10 18:13:02|2.1494ms|200|POST|/auth/login|::1|67 B|3 B|{"email":"muhammadikhsan@gmail.com","password":"Ikhsan20"}|
2021-06-10 18:42:14|974.5184ms|200|POST|/auth/register|::1|68 B|3 B|{"email":"muhammadikhsan1@gmail.com","password":"Ikhsan20"}|
2021-06-10 18:42:35|836.2381ms|200|POST|/auth/login|::1|0 B|58 B|error(credential not valid)|
2021-06-10 18:43:42|832.7342ms|400|POST|/auth/login|::1|0 B|20 B|error(credential not valid)|
2021-06-10 18:44:08|1.998475s|400|POST|/auth/login|::1|0 B|20 B|error(credential not valid)|
2021-06-10 18:44:59|987.3511ms|200|POST|/auth/login|::1|68 B|18 B|{"email":"muhammadikhsan1@gmail.com","password":"Ikhsan20"}|
2021-06-10 19:43:05|1.0255229s|200|POST|/auth/login|::1|68 B|223 B|{"email":"muhammadikhsan1@gmail.com","password":"Ikhsan20"}|
2021-06-10 19:47:51|870.9844ms|200|POST|/auth/login|::1|68 B|259 B|{"email":"muhammadikhsan1@gmail.com","password":"Ikhsan20"}|
2021-06-10 20:02:07|1.0835ms|200|GET|/auth/validate|::1|0 B|49 B|error(token contains an invalid number of segments)|
2021-06-10 20:02:20|800.8µs|200|GET|/auth/validate|::1|0 B|49 B|error(token contains an invalid number of segments)|
2021-06-10 20:02:30|0s|400|GET|/auth/validate|::1|0 B|44 B|error(token contains an invalid number of segments)|
2021-06-10 20:14:21|153.1µs|400|GET|/auth/validate|::1|0 B|44 B|error(token contains an invalid number of segments)|
2021-06-10 20:16:04|26.7081149s|400|GET|/auth/validate|::1|0 B|44 B|error(token contains an invalid number of segments)|
2021-06-10 20:18:06|0s|400|GET|/auth/validate|::1|0 B|44 B|error(token contains an invalid number of segments)|
2021-06-10 20:18:22|269.3µs|400|GET|/auth/validate|::1|0 B|44 B|error(token contains an invalid number of segments)|
2021-06-10 20:18:37|857.4µs|400|GET|/auth/validate|::1|0 B|44 B|error(token contains an invalid number of segments)|
2021-06-10 20:18:38|268.9µs|400|GET|/auth/validate|::1|0 B|44 B|error(token contains an invalid number of segments)|
2021-06-10 20:18:48|498.8µs|400|GET|/auth/validate|::1|0 B|44 B|error(token contains an invalid number of segments)|
2021-06-10 20:19:00|506.5µs|400|GET|/auth/validate|::1|0 B|44 B|error(token contains an invalid number of segments)|
2021-06-10 20:20:58|2.5443385s|200|POST|/auth/login|::1|68 B|243 B|{"email":"muhammadikhsan1@gmail.com","password":"Ikhsan20"}|
2021-06-10 20:21:36|644µs|400|GET|/auth/validate|::1|0 B|44 B|error(token contains an invalid number of segments)|
2021-06-10 20:21:40|1.2572ms|400|GET|/auth/validate|::1|0 B|44 B|error(token contains an invalid number of segments)|
2021-06-10 20:22:52|919.9171ms|200|POST|/auth/login|::1|68 B|243 B|{"email":"muhammadikhsan1@gmail.com","password":"Ikhsan20"}|
2021-06-10 20:23:04|495.4µs|400|GET|/auth/validate|::1|0 B|44 B|error(token contains an invalid number of segments)|
2021-06-10 20:23:11|562.1µs|400|GET|/auth/validate|::1|0 B|24 B|error(Token used before issued)|
2021-06-10 20:26:32|7.5316ms|400|GET|/auth/validate|::1|0 B|10 B|error(token contains an invalid number of segments)|
2021-06-10 20:26:40|564µs|400|GET|/auth/validate|::1|0 B|10 B|error(token contains an invalid number of segments)|
2021-06-10 20:26:44|875.4µs|400|GET|/auth/validate|::1|0 B|10 B|error(token contains an invalid number of segments)|
2021-06-10 20:26:52|3.5995ms|400|GET|/auth/validate|::1|0 B|24 B|error(Token used before issued)|
2021-06-10 20:28:59|640.1µs|400|GET|/auth/validate|::1|0 B|24 B|error(Token used before issued)|
2021-06-10 20:32:21|879.5505ms|200|POST|/auth/login|::1|68 B|234 B|{"email":"muhammadikhsan1@gmail.com","password":"Ikhsan20"}|
2021-06-10 20:32:41|1.9847ms|400|GET|/auth/validate|::1|0 B|24 B|error(Token used before issued)|
2021-06-10 20:32:42|999.9µs|400|GET|/auth/validate|::1|0 B|24 B|error(Token used before issued)|
2021-06-10 20:32:43|1.9213ms|400|GET|/auth/validate|::1|0 B|24 B|error(Token used before issued)|
2021-06-10 20:32:43|558µs|400|GET|/auth/validate|::1|0 B|24 B|error(Token used before issued)|
2021-06-10 20:32:44|38.286ms|400|GET|/auth/validate|::1|0 B|24 B|error(Token used before issued)|
2021-06-10 20:32:45|1.124ms|400|GET|/auth/validate|::1|0 B|24 B|error(Token used before issued)|
2021-06-10 20:33:07|885.5179ms|200|POST|/auth/login|::1|68 B|211 B|{"email":"muhammadikhsan1@gmail.com","password":"Ikhsan20"}|
2021-06-10 20:33:40|2.2291ms|200|GET|/auth/validate|::1|68 B|98 B|{"email":"muhammadikhsan1@gmail.com","password":"Ikhsan20"}|
2021-06-10 20:37:42|2.4872371s|200|POST|/auth/login|::1|68 B|234 B|{"email":"muhammadikhsan1@gmail.com","password":"Ikhsan20"}|
2021-06-10 20:38:01|638µs|400|GET|/auth/validate|::1|0 B|24 B|error(Token used before issued)|
2021-06-10 20:38:02|163.2µs|400|GET|/auth/validate|::1|0 B|24 B|error(Token used before issued)|
2021-06-10 20:40:05|871.8759ms|200|POST|/auth/login|::1|68 B|225 B|{"email":"muhammadikhsan1@gmail.com","password":"Ikhsan20"}|
2021-06-10 20:40:19|0s|400|GET|/auth/validate|::1|0 B|24 B|error(Token used before issued)|
2021-06-10 20:41:00|862.9792ms|200|POST|/auth/login|::1|68 B|202 B|{"email":"muhammadikhsan1@gmail.com","password":"Ikhsan20"}|
2021-06-10 20:41:29|840.4µs|200|GET|/auth/validate|::1|68 B|91 B|{"email":"muhammadikhsan1@gmail.com","password":"Ikhsan20"}|
2021-06-10 20:42:21|913.6636ms|200|POST|/auth/login|::1|68 B|202 B|{"email":"muhammadikhsan1@gmail.com","password":"Ikhsan20"}|
2021-06-10 20:42:32|815.9µs|200|GET|/auth/validate|::1|68 B|91 B|{"email":"muhammadikhsan1@gmail.com","password":"Ikhsan20"}|
2021-06-10 20:42:33|365.9µs|200|GET|/auth/validate|::1|68 B|91 B|{"email":"muhammadikhsan1@gmail.com","password":"Ikhsan20"}|
2021-06-10 20:42:35|319.8µs|200|GET|/auth/validate|::1|68 B|91 B|{"email":"muhammadikhsan1@gmail.com","password":"Ikhsan20"}|
2021-06-10 20:45:37|2.4323345s|200|POST|/auth/login|::1|68 B|225 B|{"email":"muhammadikhsan1@gmail.com","password":"Ikhsan20"}|
2021-06-10 20:45:49|554.2µs|400|GET|/auth/validate|::1|0 B|24 B|error(Token used before issued)|
2021-06-10 20:46:48|873.6802ms|200|POST|/auth/login|::1|68 B|202 B|{"email":"muhammadikhsan1@gmail.com","password":"Ikhsan20"}|
2021-06-10 20:47:02|985.4µs|200|GET|/auth/validate|::1|68 B|91 B|{"email":"muhammadikhsan1@gmail.com","password":"Ikhsan20"}|
2021-06-10 20:47:05|571µs|200|GET|/auth/validate|::1|68 B|91 B|{"email":"muhammadikhsan1@gmail.com","password":"Ikhsan20"}|
2021-06-10 20:47:56|168.3µs|200|GET|/auth/validate|::1|68 B|91 B|{"email":"muhammadikhsan1@gmail.com","password":"Ikhsan20"}|
2021-06-10 20:48:00|861.6812ms|200|POST|/auth/login|::1|68 B|225 B|{"email":"muhammadikhsan1@gmail.com","password":"Ikhsan20"}|
2021-06-10 20:49:09|869.5793ms|200|POST|/auth/login|::1|68 B|225 B|{"email":"muhammadikhsan1@gmail.com","password":"Ikhsan20"}|
2021-06-10 20:51:00|874.3648ms|200|POST|/auth/login|::1|68 B|225 B|{"email":"muhammadikhsan1@gmail.com","password":"Ikhsan20"}|
2021-06-10 20:51:15|689µs|400|GET|/auth/validate|::1|0 B|24 B|error(Token used before issued)|
2021-06-10 20:51:16|0s|400|GET|/auth/validate|::1|0 B|24 B|error(Token used before issued)|
2021-06-10 20:52:30|867.9927ms|200|POST|/auth/login|::1|68 B|225 B|{"email":"muhammadikhsan1@gmail.com","password":"Ikhsan20"}|
2021-06-10 20:52:46|437.5µs|400|GET|/auth/validate|::1|0 B|36 B|error(illegal base64 data at input byte 43)|
2021-06-10 20:55:46|875.9249ms|200|POST|/auth/login|::1|68 B|210 B|{"email":"muhammadikhsan1@gmail.com","password":"Ikhsan20"}|
2021-06-10 20:56:02|722.5µs|200|GET|/auth/validate|::1|68 B|97 B|{"email":"muhammadikhsan1@gmail.com","password":"Ikhsan20"}|
